<?xml version="1.0" encoding="UTF-8"?>
<testsuites>
  <testsuite name="" tests="1" assertions="3" errors="0" warnings="0" failures="0" skipped="0" time="0.080894">
    <testsuite name="Tests" tests="1" assertions="3" errors="0" warnings="0" failures="0" skipped="0" time="0.080894">
      <testsuite name="HyperfTest\Cases\ExampleTest" file="/Users/eastpig/www/hyperf-vue-element-demo/server/test/Cases/ExampleTest.php" tests="1" assertions="3" errors="0" warnings="0" failures="0" skipped="0" time="0.080894">
        <testcase name="testExample" class="HyperfTest\Cases\ExampleTest" classname="HyperfTest.Cases.ExampleTest" file="/Users/eastpig/www/hyperf-vue-element-demo/server/test/Cases/ExampleTest.php" line="29" assertions="3" time="0.080894">
          <system-out>array(3) {
  ["code"]=&gt;
  int(422)
  ["data"]=&gt;
  string(0) ""
  ["msg"]=&gt;
  string(21) "id 字段是必须的"
}
int(11)
</system-out>
        </testcase>
      </testsuite>
    </testsuite>
  </testsuite>
</testsuites>
